This file contains any messages produced by compilers while
running configure, to aid debugging if configure makes a mistake.

It was created by tupperware configure 1.0, which was
generated by GNU Autoconf 2.69.  Invocation command line was

  $ ./configure 

## --------- ##
## Platform. ##
## --------- ##

hostname = scratch-el7.tb.ife.onl
uname -m = x86_64
uname -r = 3.10.0-1160.53.1.el7.x86_64
uname -s = Linux
uname -v = #1 SMP Fri Jan 14 13:59:45 UTC 2022

/usr/bin/uname -p = x86_64
/bin/uname -X     = unknown

/bin/arch              = x86_64
/usr/bin/arch -k       = unknown
/usr/convex/getsysinfo = unknown
/usr/bin/hostinfo      = unknown
/bin/machine           = unknown
/usr/bin/oslevel       = unknown
/bin/universe          = unknown

PATH: /usr/local/bin
PATH: /usr/bin
PATH: /usr/local/sbin
PATH: /usr/sbin
PATH: /home/matthew/.local/bin
PATH: /home/matthew/bin


## ----------- ##
## Core tests. ##
## ----------- ##

configure:2161: checking for a BSD-compatible install
configure:2229: result: /usr/bin/install -c
configure:2240: checking whether build environment is sane
configure:2295: result: yes
configure:2446: checking for a thread-safe mkdir -p
configure:2485: result: /usr/bin/mkdir -p
configure:2492: checking for gawk
configure:2508: found /usr/bin/gawk
configure:2519: result: gawk
configure:2530: checking whether make sets $(MAKE)
configure:2552: result: yes
configure:2581: checking whether make supports nested variables
configure:2598: result: yes
configure:2712: checking build system type
configure:2726: result: x86_64-unknown-linux-gnu
configure:2746: checking host system type
configure:2759: result: x86_64-unknown-linux-gnu
configure:2800: checking how to print strings
configure:2827: result: printf
configure:2860: checking for style of include used by make
configure:2888: result: GNU
configure:2959: checking for gcc
configure:2975: found /usr/bin/gcc
configure:2986: result: gcc
configure:3215: checking for C compiler version
configure:3224: gcc --version >&5
gcc (GCC) 4.8.5 20150623 (Red Hat 4.8.5-44)
Copyright (C) 2015 Free Software Foundation, Inc.
This is free software; see the source for copying conditions.  There is NO
warranty; not even for MERCHANTABILITY or FITNESS FOR A PARTICULAR PURPOSE.

configure:3235: $? = 0
configure:3224: gcc -v >&5
Using built-in specs.
COLLECT_GCC=gcc
COLLECT_LTO_WRAPPER=/usr/libexec/gcc/x86_64-redhat-linux/4.8.5/lto-wrapper
Target: x86_64-redhat-linux
Configured with: ../configure --prefix=/usr --mandir=/usr/share/man --infodir=/usr/share/info --with-bugurl=http://bugzilla.redhat.com/bugzilla --enable-bootstrap --enable-shared --enable-threads=posix --enable-checking=release --with-system-zlib --enable-__cxa_atexit --disable-libunwind-exceptions --enable-gnu-unique-object --enable-linker-build-id --with-linker-hash-style=gnu --enable-languages=c,c++,objc,obj-c++,java,fortran,ada,go,lto --enable-plugin --enable-initfini-array --disable-libgcj --with-isl=/builddir/build/BUILD/gcc-4.8.5-20150702/obj-x86_64-redhat-linux/isl-install --with-cloog=/builddir/build/BUILD/gcc-4.8.5-20150702/obj-x86_64-redhat-linux/cloog-install --enable-gnu-indirect-function --with-tune=generic --with-arch_32=x86-64 --build=x86_64-redhat-linux
Thread model: posix
gcc version 4.8.5 20150623 (Red Hat 4.8.5-44) (GCC) 
configure:3235: $? = 0
configure:3224: gcc -V >&5
gcc: error: unrecognized command line option '-V'
gcc: fatal error: no input files
compilation terminated.
configure:3235: $? = 4
configure:3224: gcc -qversion >&5
gcc: error: unrecognized command line option '-qversion'
gcc: fatal error: no input files
compilation terminated.
configure:3235: $? = 4
configure:3255: checking whether the C compiler works
configure:3277: gcc    conftest.c  >&5
configure:3281: $? = 0
configure:3329: result: yes
configure:3332: checking for C compiler default output file name
configure:3334: result: a.out
configure:3340: checking for suffix of executables
configure:3347: gcc -o conftest    conftest.c  >&5
configure:3351: $? = 0
configure:3373: result: 
configure:3395: checking whether we are cross compiling
configure:3403: gcc -o conftest    conftest.c  >&5
configure:3407: $? = 0
configure:3414: ./conftest
configure:3418: $? = 0
configure:3433: result: no
configure:3438: checking for suffix of object files
configure:3460: gcc -c   conftest.c >&5
configure:3464: $? = 0
configure:3485: result: o
configure:3489: checking whether we are using the GNU C compiler
configure:3508: gcc -c   conftest.c >&5
configure:3508: $? = 0
configure:3517: result: yes
configure:3526: checking whether gcc accepts -g
configure:3546: gcc -c -g  conftest.c >&5
configure:3546: $? = 0
configure:3587: result: yes
configure:3604: checking for gcc option to accept ISO C89
configure:3667: gcc  -c -g -O2  conftest.c >&5
configure:3667: $? = 0
configure:3680: result: none needed
configure:3702: checking dependency style of gcc
configure:3813: result: gcc3
configure:3828: checking for a sed that does not truncate output
configure:3892: result: /usr/bin/sed
configure:3910: checking for grep that handles long lines and -e
configure:3968: result: /usr/bin/grep
configure:3973: checking for egrep
configure:4035: result: /usr/bin/grep -E
configure:4040: checking for fgrep
configure:4102: result: /usr/bin/grep -F
configure:4137: checking for ld used by gcc
configure:4204: result: /usr/bin/ld
configure:4211: checking if the linker (/usr/bin/ld) is GNU ld
configure:4226: result: yes
configure:4238: checking for BSD- or MS-compatible name lister (nm)
configure:4287: result: /usr/bin/nm -B
configure:4417: checking the name lister (/usr/bin/nm -B) interface
configure:4424: gcc -c -g -O2  conftest.c >&5
configure:4427: /usr/bin/nm -B "conftest.o"
configure:4430: output
0000000000000000 B some_variable
configure:4437: result: BSD nm
configure:4440: checking whether ln -s works
configure:4444: result: yes
configure:4452: checking the maximum length of command line arguments
configure:4582: result: 1572864
configure:4599: checking whether the shell understands some XSI constructs
configure:4609: result: yes
configure:4613: checking whether the shell understands "+="
configure:4619: result: yes
configure:4654: checking how to convert x86_64-unknown-linux-gnu file names to x86_64-unknown-linux-gnu format
configure:4694: result: func_convert_file_noop
configure:4701: checking how to convert x86_64-unknown-linux-gnu file names to toolchain format
configure:4721: result: func_convert_file_noop
configure:4728: checking for /usr/bin/ld option to reload object files
configure:4735: result: -r
configure:4809: checking for objdump
configure:4825: found /usr/bin/objdump
configure:4836: result: objdump
configure:4868: checking how to recognize dependent libraries
configure:5070: result: pass_all
configure:5155: checking for dlltool
configure:5185: result: no
configure:5215: checking how to associate runtime and link libraries
configure:5242: result: printf %s\n
configure:5303: checking for ar
configure:5319: found /usr/bin/ar
configure:5330: result: ar
configure:5367: checking for archiver @FILE support
configure:5384: gcc -c -g -O2  conftest.c >&5
configure:5384: $? = 0
configure:5387: ar cru libconftest.a @conftest.lst >&5
configure:5390: $? = 0
configure:5395: ar cru libconftest.a @conftest.lst >&5
ar: conftest.o: No such file or directory
configure:5398: $? = 1
configure:5410: result: @
configure:5468: checking for strip
configure:5484: found /usr/bin/strip
configure:5495: result: strip
configure:5567: checking for ranlib
configure:5583: found /usr/bin/ranlib
configure:5594: result: ranlib
configure:5696: checking command to parse /usr/bin/nm -B output from gcc object
configure:5816: gcc -c -g -O2  conftest.c >&5
configure:5819: $? = 0
configure:5823: /usr/bin/nm -B conftest.o \| sed -n -e 's/^.*[ ]\([ABCDGIRSTW][ABCDGIRSTW]*\)[ ][ ]*\([_A-Za-z][_A-Za-z0-9]*\)$/\1 \2 \2/p' | sed '/ __gnu_lto/d' \> conftest.nm
configure:5826: $? = 0
configure:5892: gcc -o conftest -g -O2   conftest.c conftstm.o >&5
configure:5895: $? = 0
configure:5933: result: ok
configure:5970: checking for sysroot
configure:6000: result: no
configure:6077: gcc -c -g -O2  conftest.c >&5
configure:6080: $? = 0
configure:6256: checking for mt
configure:6286: result: no
configure:6306: checking if : is a manifest tool
configure:6312: : '-?'
configure:6320: result: no
configure:6962: checking how to run the C preprocessor
configure:6993: gcc -E  conftest.c
configure:6993: $? = 0
configure:7007: gcc -E  conftest.c
conftest.c:11:28: fatal error: ac_nonexistent.h: No such file or directory
 #include <ac_nonexistent.h>
                            ^
compilation terminated.
configure:7007: $? = 1
configure: failed program was:
| /* confdefs.h */
| #define PACKAGE_NAME "tupperware"
| #define PACKAGE_TARNAME "tupperware"
| #define PACKAGE_VERSION "1.0"
| #define PACKAGE_STRING "tupperware 1.0"
| #define PACKAGE_BUGREPORT "matthew@ife.onl"
| #define PACKAGE_URL ""
| #define PACKAGE "tupperware"
| #define VERSION "1.0"
| /* end confdefs.h.  */
| #include <ac_nonexistent.h>
configure:7032: result: gcc -E
configure:7052: gcc -E  conftest.c
configure:7052: $? = 0
configure:7066: gcc -E  conftest.c
conftest.c:11:28: fatal error: ac_nonexistent.h: No such file or directory
 #include <ac_nonexistent.h>
                            ^
compilation terminated.
configure:7066: $? = 1
configure: failed program was:
| /* confdefs.h */
| #define PACKAGE_NAME "tupperware"
| #define PACKAGE_TARNAME "tupperware"
| #define PACKAGE_VERSION "1.0"
| #define PACKAGE_STRING "tupperware 1.0"
| #define PACKAGE_BUGREPORT "matthew@ife.onl"
| #define PACKAGE_URL ""
| #define PACKAGE "tupperware"
| #define VERSION "1.0"
| /* end confdefs.h.  */
| #include <ac_nonexistent.h>
configure:7095: checking for ANSI C header files
configure:7115: gcc -c -g -O2  conftest.c >&5
configure:7115: $? = 0
configure:7188: gcc -o conftest -g -O2   conftest.c  >&5
configure:7188: $? = 0
configure:7188: ./conftest
configure:7188: $? = 0
configure:7199: result: yes
configure:7212: checking for sys/types.h
configure:7212: gcc -c -g -O2  conftest.c >&5
configure:7212: $? = 0
configure:7212: result: yes
configure:7212: checking for sys/stat.h
configure:7212: gcc -c -g -O2  conftest.c >&5
configure:7212: $? = 0
configure:7212: result: yes
configure:7212: checking for stdlib.h
configure:7212: gcc -c -g -O2  conftest.c >&5
configure:7212: $? = 0
configure:7212: result: yes
configure:7212: checking for string.h
configure:7212: gcc -c -g -O2  conftest.c >&5
configure:7212: $? = 0
configure:7212: result: yes
configure:7212: checking for memory.h
configure:7212: gcc -c -g -O2  conftest.c >&5
configure:7212: $? = 0
configure:7212: result: yes
configure:7212: checking for strings.h
configure:7212: gcc -c -g -O2  conftest.c >&5
configure:7212: $? = 0
configure:7212: result: yes
configure:7212: checking for inttypes.h
configure:7212: gcc -c -g -O2  conftest.c >&5
configure:7212: $? = 0
configure:7212: result: yes
configure:7212: checking for stdint.h
configure:7212: gcc -c -g -O2  conftest.c >&5
configure:7212: $? = 0
configure:7212: result: yes
configure:7212: checking for unistd.h
configure:7212: gcc -c -g -O2  conftest.c >&5
configure:7212: $? = 0
configure:7212: result: yes
configure:7226: checking for dlfcn.h
configure:7226: gcc -c -g -O2  conftest.c >&5
configure:7226: $? = 0
configure:7226: result: yes
configure:7432: checking for objdir
configure:7447: result: .libs
configure:7718: checking if gcc supports -fno-rtti -fno-exceptions
configure:7736: gcc -c -g -O2  -fno-rtti -fno-exceptions conftest.c >&5
cc1: warning: command line option '-fno-rtti' is valid for C++/ObjC++ but not for C [enabled by default]
configure:7740: $? = 0
configure:7753: result: no
configure:8080: checking for gcc option to produce PIC
configure:8087: result: -fPIC -DPIC
configure:8095: checking if gcc PIC flag -fPIC -DPIC works
configure:8113: gcc -c -g -O2  -fPIC -DPIC -DPIC conftest.c >&5
configure:8117: $? = 0
configure:8130: result: yes
configure:8159: checking if gcc static flag -static works
configure:8187: result: no
configure:8202: checking if gcc supports -c -o file.o
configure:8223: gcc -c -g -O2  -o out/conftest2.o conftest.c >&5
configure:8227: $? = 0
configure:8249: result: yes
configure:8257: checking if gcc supports -c -o file.o
configure:8304: result: yes
configure:8337: checking whether the gcc linker (/usr/bin/ld -m elf_x86_64) supports shared libraries
configure:9490: result: yes
configure:9527: checking whether -lc should be explicitly linked in
configure:9535: gcc -c -g -O2  conftest.c >&5
configure:9538: $? = 0
configure:9553: gcc -shared  -fPIC -DPIC conftest.o  -v -Wl,-soname -Wl,conftest -o conftest 2\>\&1 \| /usr/bin/grep  -lc  \>/dev/null 2\>\&1
configure:9556: $? = 0
configure:9570: result: no
configure:9730: checking dynamic linker characteristics
configure:10241: gcc -o conftest -g -O2   -Wl,-rpath -Wl,/foo conftest.c  >&5
configure:10241: $? = 0
configure:10467: result: GNU/Linux ld.so
configure:10574: checking how to hardcode library paths into programs
configure:10599: result: immediate
configure:11139: checking whether stripping libraries is possible
configure:11144: result: yes
configure:11179: checking if libtool supports shared libraries
configure:11181: result: yes
configure:11184: checking whether to build shared libraries
configure:11205: result: yes
configure:11208: checking whether to build static libraries
configure:11212: result: yes
configure:11297: checking for gcc
configure:11324: result: gcc
configure:11553: checking for C compiler version
configure:11562: gcc --version >&5
gcc (GCC) 4.8.5 20150623 (Red Hat 4.8.5-44)
Copyright (C) 2015 Free Software Foundation, Inc.
This is free software; see the source for copying conditions.  There is NO
warranty; not even for MERCHANTABILITY or FITNESS FOR A PARTICULAR PURPOSE.

configure:11573: $? = 0
configure:11562: gcc -v >&5
Using built-in specs.
COLLECT_GCC=gcc
COLLECT_LTO_WRAPPER=/usr/libexec/gcc/x86_64-redhat-linux/4.8.5/lto-wrapper
Target: x86_64-redhat-linux
Configured with: ../configure --prefix=/usr --mandir=/usr/share/man --infodir=/usr/share/info --with-bugurl=http://bugzilla.redhat.com/bugzilla --enable-bootstrap --enable-shared --enable-threads=posix --enable-checking=release --with-system-zlib --enable-__cxa_atexit --disable-libunwind-exceptions --enable-gnu-unique-object --enable-linker-build-id --with-linker-hash-style=gnu --enable-languages=c,c++,objc,obj-c++,java,fortran,ada,go,lto --enable-plugin --enable-initfini-array --disable-libgcj --with-isl=/builddir/build/BUILD/gcc-4.8.5-20150702/obj-x86_64-redhat-linux/isl-install --with-cloog=/builddir/build/BUILD/gcc-4.8.5-20150702/obj-x86_64-redhat-linux/cloog-install --enable-gnu-indirect-function --with-tune=generic --with-arch_32=x86-64 --build=x86_64-redhat-linux
Thread model: posix
gcc version 4.8.5 20150623 (Red Hat 4.8.5-44) (GCC) 
configure:11573: $? = 0
configure:11562: gcc -V >&5
gcc: error: unrecognized command line option '-V'
gcc: fatal error: no input files
compilation terminated.
configure:11573: $? = 4
configure:11562: gcc -qversion >&5
gcc: error: unrecognized command line option '-qversion'
gcc: fatal error: no input files
compilation terminated.
configure:11573: $? = 4
configure:11577: checking whether we are using the GNU C compiler
configure:11605: result: yes
configure:11614: checking whether gcc accepts -g
configure:11675: result: yes
configure:11692: checking for gcc option to accept ISO C89
configure:11768: result: none needed
configure:11790: checking dependency style of gcc
configure:11901: result: gcc3
configure:12034: checking that generated files are newer than configure
configure:12040: result: done
configure:12067: creating ./config.status

## ---------------------- ##
## Running config.status. ##
## ---------------------- ##

This file was extended by tupperware config.status 1.0, which was
generated by GNU Autoconf 2.69.  Invocation command line was

  CONFIG_FILES    = 
  CONFIG_HEADERS  = 
  CONFIG_LINKS    = 
  CONFIG_COMMANDS = 
  $ ./config.status 

on scratch-el7.tb.ife.onl

config.status:1081: creating Makefile
config.status:1081: creating config.ac.h
config.status:1262: config.ac.h is unchanged
config.status:1310: executing depfiles commands
config.status:1310: executing libtool commands

## ---------------- ##
## Cache variables. ##
## ---------------- ##

ac_cv_build=x86_64-unknown-linux-gnu
ac_cv_c_compiler_gnu=yes
ac_cv_env_CC_set=
ac_cv_env_CC_value=
ac_cv_env_CFLAGS_set=
ac_cv_env_CFLAGS_value=
ac_cv_env_CPPFLAGS_set=
ac_cv_env_CPPFLAGS_value=
ac_cv_env_CPP_set=
ac_cv_env_CPP_value=
ac_cv_env_LDFLAGS_set=
ac_cv_env_LDFLAGS_value=
ac_cv_env_LIBS_set=
ac_cv_env_LIBS_value=
ac_cv_env_build_alias_set=
ac_cv_env_build_alias_value=
ac_cv_env_host_alias_set=
ac_cv_env_host_alias_value=
ac_cv_env_target_alias_set=
ac_cv_env_target_alias_value=
ac_cv_header_dlfcn_h=yes
ac_cv_header_inttypes_h=yes
ac_cv_header_memory_h=yes
ac_cv_header_stdc=yes
ac_cv_header_stdint_h=yes
ac_cv_header_stdlib_h=yes
ac_cv_header_string_h=yes
ac_cv_header_strings_h=yes
ac_cv_header_sys_stat_h=yes
ac_cv_header_sys_types_h=yes
ac_cv_header_unistd_h=yes
ac_cv_host=x86_64-unknown-linux-gnu
ac_cv_objext=o
ac_cv_path_EGREP='/usr/bin/grep -E'
ac_cv_path_FGREP='/usr/bin/grep -F'
ac_cv_path_GREP=/usr/bin/grep
ac_cv_path_SED=/usr/bin/sed
ac_cv_path_install='/usr/bin/install -c'
ac_cv_path_mkdir=/usr/bin/mkdir
ac_cv_prog_AWK=gawk
ac_cv_prog_CPP='gcc -E'
ac_cv_prog_ac_ct_AR=ar
ac_cv_prog_ac_ct_CC=gcc
ac_cv_prog_ac_ct_OBJDUMP=objdump
ac_cv_prog_ac_ct_RANLIB=ranlib
ac_cv_prog_ac_ct_STRIP=strip
ac_cv_prog_cc_c89=
ac_cv_prog_cc_g=yes
ac_cv_prog_make_make_set=yes
am_cv_CC_dependencies_compiler_type=gcc3
am_cv_make_support_nested_variables=yes
lt_cv_ar_at_file=@
lt_cv_archive_cmds_need_lc=no
lt_cv_deplibs_check_method=pass_all
lt_cv_file_magic_cmd='$MAGIC_CMD'
lt_cv_file_magic_test_file=
lt_cv_ld_reload_flag=-r
lt_cv_nm_interface='BSD nm'
lt_cv_objdir=.libs
lt_cv_path_LD=/usr/bin/ld
lt_cv_path_NM='/usr/bin/nm -B'
lt_cv_path_mainfest_tool=no
lt_cv_prog_compiler_c_o=yes
lt_cv_prog_compiler_pic='-fPIC -DPIC'
lt_cv_prog_compiler_pic_works=yes
lt_cv_prog_compiler_rtti_exceptions=no
lt_cv_prog_compiler_static_works=no
lt_cv_prog_gnu_ld=yes
lt_cv_sharedlib_from_linklib_cmd='printf %s\n'
lt_cv_shlibpath_overrides_runpath=no
lt_cv_sys_global_symbol_pipe='sed -n -e '\''s/^.*[	 ]\([ABCDGIRSTW][ABCDGIRSTW]*\)[	 ][	 ]*\([_A-Za-z][_A-Za-z0-9]*\)$/\1 \2 \2/p'\'' | sed '\''/ __gnu_lto/d'\'''
lt_cv_sys_global_symbol_to_c_name_address='sed -n -e '\''s/^: \([^ ]*\)[ ]*$/  {\"\1\", (void *) 0},/p'\'' -e '\''s/^[ABCDGIRSTW]* \([^ ]*\) \([^ ]*\)$/  {"\2", (void *) \&\2},/p'\'''
lt_cv_sys_global_symbol_to_c_name_address_lib_prefix='sed -n -e '\''s/^: \([^ ]*\)[ ]*$/  {\"\1\", (void *) 0},/p'\'' -e '\''s/^[ABCDGIRSTW]* \([^ ]*\) \(lib[^ ]*\)$/  {"\2", (void *) \&\2},/p'\'' -e '\''s/^[ABCDGIRSTW]* \([^ ]*\) \([^ ]*\)$/  {"lib\2", (void *) \&\2},/p'\'''
lt_cv_sys_global_symbol_to_cdecl='sed -n -e '\''s/^T .* \(.*\)$/extern int \1();/p'\'' -e '\''s/^[ABCDGIRSTW]* .* \(.*\)$/extern char \1;/p'\'''
lt_cv_sys_max_cmd_len=1572864
lt_cv_to_host_file_cmd=func_convert_file_noop
lt_cv_to_tool_file_cmd=func_convert_file_noop

## ----------------- ##
## Output variables. ##
## ----------------- ##

ACLOCAL='${SHELL} /home/matthew/Testbed/tupperware/missing aclocal-1.13'
AMDEPBACKSLASH='\'
AMDEP_FALSE='#'
AMDEP_TRUE=''
AMTAR='$${TAR-tar}'
AM_BACKSLASH='\'
AM_CPPFLAGS='-D_GNU_SOURCE'
AM_DEFAULT_V='$(AM_DEFAULT_VERBOSITY)'
AM_DEFAULT_VERBOSITY='1'
AM_V='$(V)'
AR='ar'
AUTOCONF='${SHELL} /home/matthew/Testbed/tupperware/missing autoconf'
AUTOHEADER='${SHELL} /home/matthew/Testbed/tupperware/missing autoheader'
AUTOMAKE='${SHELL} /home/matthew/Testbed/tupperware/missing automake-1.13'
AWK='gawk'
CC='gcc'
CCDEPMODE='depmode=gcc3'
CFLAGS='-g -O2 -std=c99'
CPP='gcc -E'
CPPFLAGS=''
CYGPATH_W='echo'
DEFS='-DHAVE_CONFIG_H'
DEPDIR='.deps'
DLLTOOL='false'
DSYMUTIL=''
DUMPBIN=''
ECHO_C=''
ECHO_N='-n'
ECHO_T=''
EGREP='/usr/bin/grep -E'
EXEEXT=''
FGREP='/usr/bin/grep -F'
GREP='/usr/bin/grep'
INSTALL_DATA='${INSTALL} -m 644'
INSTALL_PROGRAM='${INSTALL}'
INSTALL_SCRIPT='${INSTALL}'
INSTALL_STRIP_PROGRAM='$(install_sh) -c -s'
LD='/usr/bin/ld -m elf_x86_64'
LDFLAGS=''
LIBOBJS=''
LIBS=''
LIBTOOL='$(SHELL) $(top_builddir)/libtool'
LIPO=''
LN_S='ln -s'
LTLIBOBJS=''
MAKEINFO='${SHELL} /home/matthew/Testbed/tupperware/missing makeinfo'
MANIFEST_TOOL=':'
MKDIR_P='/usr/bin/mkdir -p'
NM='/usr/bin/nm -B'
NMEDIT=''
OBJDUMP='objdump'
OBJEXT='o'
OTOOL64=''
OTOOL=''
PACKAGE='tupperware'
PACKAGE_BUGREPORT='matthew@ife.onl'
PACKAGE_NAME='tupperware'
PACKAGE_STRING='tupperware 1.0'
PACKAGE_TARNAME='tupperware'
PACKAGE_URL=''
PACKAGE_VERSION='1.0'
PATH_SEPARATOR=':'
RANLIB='ranlib'
SED='/usr/bin/sed'
SET_MAKE=''
SHELL='/bin/sh'
STRIP='strip'
VERSION='1.0'
ac_ct_AR='ar'
ac_ct_CC='gcc'
ac_ct_DUMPBIN=''
am__EXEEXT_FALSE=''
am__EXEEXT_TRUE='#'
am__fastdepCC_FALSE='#'
am__fastdepCC_TRUE=''
am__include='include'
am__isrc=''
am__leading_dot='.'
am__nodep='_no'
am__quote=''
am__tar='$${TAR-tar} chof - "$$tardir"'
am__untar='$${TAR-tar} xf -'
bindir='${exec_prefix}/bin'
build='x86_64-unknown-linux-gnu'
build_alias=''
build_cpu='x86_64'
build_os='linux-gnu'
build_vendor='unknown'
datadir='${datarootdir}'
datarootdir='${prefix}/share'
docdir='${datarootdir}/doc/${PACKAGE_TARNAME}'
dvidir='${docdir}'
exec_prefix='${prefix}'
host='x86_64-unknown-linux-gnu'
host_alias=''
host_cpu='x86_64'
host_os='linux-gnu'
host_vendor='unknown'
htmldir='${docdir}'
includedir='${prefix}/include'
infodir='${datarootdir}/info'
install_sh='${SHELL} /home/matthew/Testbed/tupperware/install-sh'
libdir='${exec_prefix}/lib'
libexecdir='${exec_prefix}/libexec'
localedir='${datarootdir}/locale'
localstatedir='${prefix}/var'
mandir='${datarootdir}/man'
mkdir_p='$(MKDIR_P)'
oldincludedir='/usr/include'
pdfdir='${docdir}'
prefix='/usr/local'
program_transform_name='s,x,x,'
psdir='${docdir}'
sbindir='${exec_prefix}/sbin'
sharedstatedir='${prefix}/com'
sysconfdir='${prefix}/etc'
target_alias=''

## ----------- ##
## confdefs.h. ##
## ----------- ##

/* confdefs.h */
#define PACKAGE_NAME "tupperware"
#define PACKAGE_TARNAME "tupperware"
#define PACKAGE_VERSION "1.0"
#define PACKAGE_STRING "tupperware 1.0"
#define PACKAGE_BUGREPORT "matthew@ife.onl"
#define PACKAGE_URL ""
#define PACKAGE "tupperware"
#define VERSION "1.0"
#define STDC_HEADERS 1
#define HAVE_SYS_TYPES_H 1
#define HAVE_SYS_STAT_H 1
#define HAVE_STDLIB_H 1
#define HAVE_STRING_H 1
#define HAVE_MEMORY_H 1
#define HAVE_STRINGS_H 1
#define HAVE_INTTYPES_H 1
#define HAVE_STDINT_H 1
#define HAVE_UNISTD_H 1
#define HAVE_DLFCN_H 1
#define LT_OBJDIR ".libs/"

configure: exit 0
